<?xml version="1.0" encoding="UTF-8"?>
<testsuite xmlns:xsi="http://www.w3.org/2001/XMLSchema-instance" xsi:noNamespaceSchemaLocation="https://maven.apache.org/surefire/maven-surefire-plugin/xsd/surefire-test-report.xsd" version="3.0.2" name="CalculadoraTest" time="0.115" tests="7" errors="0" skipped="0" failures="0">
  <properties>
[...]
</properties>
  <testcase name="testeSubtrair" classname="CalculadoraTest" time="0.04"/>
  <testcase name="testeCos" classname="CalculadoraTest" time="0.006"/>
  <testcase name="testeSen" classname="CalculadoraTest" time="0.004"/>
  <testcase name="testeMultiplicar" classname="CalculadoraTest" time="0.0"/>
  <testcase name="testeDividir" classname="CalculadoraTest" time="0.0"/>
  <testcase name="testeDivisaoPorZero" classname="CalculadoraTest" time="0.007"/>
  <testcase name="testeAdicionar" classname="CalculadoraTest" time="0.0"/>
</testsuite>